= Host-specific information ====================================================
$> hostname; uname -msr
e1r7p17.42.fr
Darwin 16.7.0 x86_64
$> date
Wed Jul 18 09:48:20 CEST 2018
$> gcc --version
Configured with: --prefix=/Applications/Xcode.app/Contents/Developer/usr --with-gxx-include-dir=/usr/include/c++/4.2.1
Apple LLVM version 9.0.0 (clang-900.0.39.2)
Target: x86_64-apple-darwin16.7.0
Thread model: posix
InstalledDir: /Applications/Xcode.app/Contents/Developer/Toolchains/XcodeDefault.xctoolchain/usr/bin
$> clang --version
Apple LLVM version 9.0.0 (clang-900.0.39.2)
Target: x86_64-apple-darwin16.7.0
Thread model: posix
InstalledDir: /Applications/Xcode.app/Contents/Developer/Toolchains/XcodeDefault.xctoolchain/usr/bin

= User files collection ========================================================
Collecting user files from Vogsphere
Repository URL: auto-exam/2018/c-exam-alone-in-the-dark-beginner/practice-exam_20180718/pstubbs2

= Git history ==================================================================
$> git -C /var/folders/y4/3lg195mj4g93hcvwrjt3b8400000gq/T/tmpbLD45S/user log --pretty='%H - %an, %ad : %s'
5c7d1d33b8ad744a05349044ff13478a9ca400ae - PhilipStubbs, Wed Jul 18 09:48:07 2018 +0200 : added checkmate
 
= Collected files ==========================================
$> ls -lAR /var/folders/y4/3lg195mj4g93hcvwrjt3b8400000gq/T/tmpbLD45S/user
total 8
-rw-r--r--  1 deepthought  deepthought  493 Jul 18 09:48 __GIT_HISTORY
drwxr-xr-x  7 deepthought  deepthought  238 Jul 18 09:48 check_mate

/var/folders/y4/3lg195mj4g93hcvwrjt3b8400000gq/T/tmpbLD45S/user/check_mate:
total 40
-rw-r--r--  1 deepthought  deepthought  1527 Jul 18 09:48 bishop_check.c
-rw-r--r--  1 deepthought  deepthought  1548 Jul 18 09:48 check_mate.c
-rw-r--r--  1 deepthought  deepthought   206 Jul 18 09:48 check_mate.h
-rw-r--r--  1 deepthought  deepthought   430 Jul 18 09:48 pawn_check.c
-rw-r--r--  1 deepthought  deepthought  1459 Jul 18 09:48 rook_check.c
 
= check_mate ===================================================================
$> clang -Wextra -Wall -Werror bishop_check.c check_mate.c pawn_check.c rook_check.c -o user_exe 

= Test 1 ===================================================
$> ./3uzpln0qg6o4tzsapf3zkbc4 
$> diff -U 3 user_output_test1 test1.output | cat -e

Diff OK :D
= Test 2 ===================================================
$> ./dsdyxaygd8xwfd3jux7ecntl '...B.' '.B...' '$%^&*' '...K.' '.....'
$> diff -U 3 user_output_test2 test2.output | cat -e

Diff OK :D
= Test 3 ===================================================
$> ./02vobi9aafoz0sczx9434agf  "...B." ".T..." "....." "...K." "....."
$> diff -U 3 user_output_test3 test3.output | cat -e

Diff OK :D
= Test 4 ===================================================
$> ./mgmpuqioimg02n6px4xb4hw0 "K"
$> diff -U 3 user_output_test4 test4.output | cat -e

Diff OK :D
= Test 5 ===================================================
$> ./sfsgjke52yba368xb74haaio "BPKP" "PRP." ".Q.." "..P."
$> diff -U 3 user_output_test5 test5.output | cat -e

Diff OK :D
= Test 6 ===================================================
$> ./k3u6yqalgzzc9nee62vckjbv "B....." "......" "......" "......" "......" ".....K"
$> diff -U 3 user_output_test6 test6.output | cat -e

Diff OK :D
= Test 7 ===================================================
$> ./vkvsr8a1lmud8vecb0wnp4tv "K....." "......" "......" "......" "......" ".....B"
$> diff -U 3 user_output_test7 test7.output | cat -e

Diff OK :D
= Test 8 ===================================================
$> ./au629e1a5jq7n293y5f90zwx '........' '........' '.P....P.' '...B.B..' '....Q...' '..R..R..' '......K.' '...R....'
$> diff -U 3 user_output_test8 test8.output | cat -e

Diff OK :D
Grade: 1

= Final grade: 1 ===============================================================
