= Host-specific information ====================================================
$> hostname; uname -msr
e1r4p16.42.fr
Darwin 16.7.0 x86_64
$> date
Wed Jul 18 13:25:23 CEST 2018
$> gcc --version
Configured with: --prefix=/Applications/Xcode.app/Contents/Developer/usr --with-gxx-include-dir=/usr/include/c++/4.2.1
Apple LLVM version 9.0.0 (clang-900.0.39.2)
Target: x86_64-apple-darwin16.7.0
Thread model: posix
InstalledDir: /Applications/Xcode.app/Contents/Developer/Toolchains/XcodeDefault.xctoolchain/usr/bin
$> clang --version
Apple LLVM version 9.0.0 (clang-900.0.39.2)
Target: x86_64-apple-darwin16.7.0
Thread model: posix
InstalledDir: /Applications/Xcode.app/Contents/Developer/Toolchains/XcodeDefault.xctoolchain/usr/bin

= User files collection ========================================================
Collecting user files from Vogsphere
Repository URL: auto-exam/2018/c-exam-alone-in-the-dark-beginner/practice-exam_20180718/pstubbs8

= Git history ==================================================================
$> git -C /var/folders/tv/tn0vg_nd4mvg219dwrdfdjfm0000gq/T/tmpwptDwe/user log --pretty='%H - %an, %ad : %s'
8c2bd944b35dff1f2a4dd3e4a3cdd4ce28a4205e - PhilipStubbs, Wed Jul 18 13:24:04 2018 +0200 : brac
 
= Collected files ==========================================
$> ls -lAR /var/folders/tv/tn0vg_nd4mvg219dwrdfdjfm0000gq/T/tmpwptDwe/user
total 8
-rw-r--r--  1 deepthought  deepthought  283 Jul 18 13:25 __GIT_HISTORY
drwxr-xr-x  3 deepthought  deepthought  102 Jul 18 13:25 brackets

/var/folders/tv/tn0vg_nd4mvg219dwrdfdjfm0000gq/T/tmpwptDwe/user/brackets:
total 8
-rw-r--r--  1 deepthought  deepthought  2222 Jul 18 13:25 brackets.c
 
= brackets =====================================================================
$> clang -Wextra -Wall -Werror brackets.c -o user_exe 

= Test 1 ===================================================
$> ./fz571i0p41py34cohipcaysj '(toto)'
$> diff -U 3 user_output_test1 test1.output | cat -e

Diff OK :D
= Test 2 ===================================================
$> ./vhn7pc1gd2mg1oz1gmkv2qoj '([)]'
$> diff -U 3 user_output_test2 test2.output | cat -e

Diff OK :D
= Test 3 ===================================================
$> ./er5y5hbhxrf12apy29c83qx4 '' '{[(0 + 0)(1 + 1)](3*(-1)){()}}'
$> diff -U 3 user_output_test3 test3.output | cat -e

Diff OK :D
= Test 4 ===================================================
$> ./c2i33wb7m4wifut7y5wcx3l4 
$> diff -U 3 user_output_test4 test4.output | cat -e

Diff OK :D
= Test 5 ===================================================
$> ./pvqgy3u1z3tq8omdb9mgo4j3 '()' '[]' '{}' '' 'toto' '([{}[{(()[])}()]]())(((([])))())'
$> diff -U 3 user_output_test5 test5.output | cat -e

Diff OK :D
= Test 6 ===================================================
$> ./vt7tl5rz1eazyg9vqr7ny0nu '()[]{}' '([{}])[({})]{([])}'
$> diff -U 3 user_output_test6 test6.output | cat -e

Diff OK :D
= Test 7 ===================================================
$> ./sv8pve7k9rjxjt2xjtq8gy9b '(]' '{)' '[}' ')' '}' ')' '(' '{' '['
$> diff -U 3 user_output_test7 test7.output | cat -e

Diff OK :D
= Test 8 ===================================================
$> ./sziadclx17owj4ab3f1ao1ko '({)}' '[()]{}]' '])}' '([{' "(cette (trace n'a pas [de but precis]) {a part embeter (tout le monde)})"
$> diff -U 3 user_output_test8 test8.output | cat -e

Diff OK :D
Grade: 1

= Final grade: 1 ===============================================================
